The system is: Linux - 5.10.102.1-microsoft-standard-WSL2 - x86_64
Compiling the C compiler identification source file "CMakeCCompilerId.c" succeeded.
Compiler: /bin/clang 
Build flags: 
Id flags:  

The output was:
0


Compilation of the C compiler identification source "CMakeCCompilerId.c" produced "a.out"

The C compiler identification is Clang, found in "/mnt/l/hmz/build/CMakeFiles/3.24.0-rc4/CompilerIdC/a.out"

Compiling the CXX compiler identification source file "CMakeCXXCompilerId.cpp" succeeded.
Compiler: /bin/clang++ 
Build flags: 
Id flags:  

The output was:
0


Compilation of the CXX compiler identification source "CMakeCXXCompilerId.cpp" produced "a.out"

The CXX compiler identification is Clang, found in "/mnt/l/hmz/build/CMakeFiles/3.24.0-rc4/CompilerIdCXX/a.out"

Determining if the C compiler works passed with the following output:
Change Dir: /mnt/l/hmz/build/CMakeFiles/CMakeTmp

Run Build Command(s):/usr/bin/make -f Makefile cmTC_66609/fast && /usr/bin/make  -f CMakeFiles/cmTC_66609.dir/build.make CMakeFiles/cmTC_66609.dir/build
make[1]: 进入目录“/mnt/l/hmz/build/CMakeFiles/CMakeTmp”
Building C object CMakeFiles/cmTC_66609.dir/testCCompiler.c.o
/bin/clang    -MD -MT CMakeFiles/cmTC_66609.dir/testCCompiler.c.o -MF CMakeFiles/cmTC_66609.dir/testCCompiler.c.o.d -o CMakeFiles/cmTC_66609.dir/testCCompiler.c.o -c /mnt/l/hmz/build/CMakeFiles/CMakeTmp/testCCompiler.c
Linking C executable cmTC_66609
/mnt/c/Users/j_nh/Desktop/vim/cmake-3.24.0-rc4-linux-x86_64/bin/cmake -E cmake_link_script CMakeFiles/cmTC_66609.dir/link.txt --verbose=1
/bin/clang -rdynamic CMakeFiles/cmTC_66609.dir/testCCompiler.c.o -o cmTC_66609 
make[1]: 离开目录“/mnt/l/hmz/build/CMakeFiles/CMakeTmp”



Determining if the CXX compiler works passed with the following output:
Change Dir: /mnt/l/hmz/build/CMakeFiles/CMakeTmp

Run Build Command(s):/usr/bin/make -f Makefile cmTC_acfae/fast && /usr/bin/make  -f CMakeFiles/cmTC_acfae.dir/build.make CMakeFiles/cmTC_acfae.dir/build
make[1]: 进入目录“/mnt/l/hmz/build/CMakeFiles/CMakeTmp”
Building CXX object CMakeFiles/cmTC_acfae.dir/testCXXCompiler.cxx.o
/bin/clang++    -MD -MT CMakeFiles/cmTC_acfae.dir/testCXXCompiler.cxx.o -MF CMakeFiles/cmTC_acfae.dir/testCXXCompiler.cxx.o.d -o CMakeFiles/cmTC_acfae.dir/testCXXCompiler.cxx.o -c /mnt/l/hmz/build/CMakeFiles/CMakeTmp/testCXXCompiler.cxx
Linking CXX executable cmTC_acfae
/mnt/c/Users/j_nh/Desktop/vim/cmake-3.24.0-rc4-linux-x86_64/bin/cmake -E cmake_link_script CMakeFiles/cmTC_acfae.dir/link.txt --verbose=1
/bin/clang++ -rdynamic CMakeFiles/cmTC_acfae.dir/testCXXCompiler.cxx.o -o cmTC_acfae 
make[1]: 离开目录“/mnt/l/hmz/build/CMakeFiles/CMakeTmp”



